<?xml version="1.0" encoding="UTF-8"?>
<testsuite name="com.neznatnov.api.tests.UserTest" tests="2" skipped="0" failures="0" errors="0" timestamp="2023-08-01T18:04:47" hostname="MacBook-Air-Veronika.local" time="0.284">
  <properties/>
  <testcase name="testGetUserLikedPhotos()" classname="com.neznatnov.api.tests.UserTest" time="0.115"/>
  <testcase name="testGetUserCollections()" classname="com.neznatnov.api.tests.UserTest" time="0.169"/>
  <system-out><![CDATA[]]></system-out>
  <system-err><![CDATA[]]></system-err>
</testsuite>
