<?xml version="1.0" encoding="UTF-8"?>
<testsuite name="com.neznatnov.web.tests.MainPageTests" tests="2" skipped="0" failures="0" errors="0" timestamp="2023-08-01T18:05:07" hostname="MacBook-Air-Veronika.local" time="6.172">
  <properties/>
  <testcase name="Checking social network links in the menu tab" classname="com.neznatnov.web.tests.MainPageTests" time="3.079"/>
  <testcase name="Checking that all elements are in the header" classname="com.neznatnov.web.tests.MainPageTests" time="3.084"/>
  <system-out><![CDATA[]]></system-out>
  <system-err><![CDATA[[Test worker] INFO com.codeborne.selenide.impl.WebDriverThreadLocalContainer - Webdriver has been closed meanwhile. Let's re-create it.
[Test worker] INFO com.codeborne.selenide.impl.FileHelper - Deleted empty folder: /Users/veronikaackaa/IdeaProjects/unsplash-final-project/build/downloads/1690913102019_1331_1
[Test worker] INFO com.codeborne.selenide.drivercommands.CloseDriverCommand - Close webdriver: 1 -> ChromeDriver: chrome on mac (e32620fd5b3bac9e566b24c1344b81aa)...
[Test worker] INFO com.codeborne.selenide.drivercommands.CloseDriverCommand - Closed webdriver 1 in 55 ms
[Test worker] INFO com.codeborne.selenide.drivercommands.DisposablesRegistry - Unregister WebDriverInstance[config=StaticConfig,webDriver=ChromeDriver: chrome on mac (null),proxy=null,downloadsFolder=/Users/veronikaackaa/IdeaProjects/unsplash-final-project/build/downloads/1690913102019_1331_1] in 1 [size=0]
[Test worker] INFO com.codeborne.selenide.impl.FileHelper - Creating folder: /Users/veronikaackaa/IdeaProjects/unsplash-final-project/build/downloads/1690913107150_1331_1
[Test worker] INFO com.codeborne.selenide.webdriver.SelenideNettyClientFactory - Changed readTimeout from PT3M to PT1M30S
Starting ChromeDriver 114.0.5735.90 (386bc09e8f4f2e025eddae123f36f6263096ae49-refs/branch-heads/5735@{#1052}) on port 48474
Only local connections are allowed.
Please see https://chromedriver.chromium.org/security-considerations for suggestions on keeping ChromeDriver safe.
ChromeDriver was started successfully.
[1690913107.756][WARNING]: This version of ChromeDriver has not been tested with Chrome version 115.
[Test worker] INFO com.codeborne.selenide.webdriver.SelenideNettyClientFactory - Changed readTimeout from PT3M to PT1M30S
[Test worker] INFO com.codeborne.selenide.webdriver.SelenideNettyClientFactory - Changed readTimeout from PT3M to PT1M30S
авг. 01, 2023 8:05:07 PM org.openqa.selenium.devtools.CdpVersionFinder findNearestMatch
WARNING: Unable to find an exact match for CDP version 115, so returning the closest version found: 113
[Test worker] INFO com.codeborne.selenide.webdriver.WebDriverFactory - BrowserName=chrome Version=115.0.5790.114 Platform=mac
[Test worker] INFO com.codeborne.selenide.webdriver.WebDriverFactory - Selenide v. 6.15.0
[Test worker] INFO com.codeborne.selenide.webdriver.WebDriverFactory - Selenium WebDriver v. 4.9.1 build revision: eb2032df7f
[Test worker] INFO com.codeborne.selenide.drivercommands.CreateDriverCommand - Created webdriver in thread 1: ChromeDriver -> ChromeDriver: chrome on mac (05685d4d830f755bc7ba2667c1935c9a)
[Test worker] INFO com.codeborne.selenide.drivercommands.DisposablesRegistry - Register WebDriverInstance[config=StaticConfig,webDriver=ChromeDriver: chrome on mac (05685d4d830f755bc7ba2667c1935c9a),proxy=null,downloadsFolder=/Users/veronikaackaa/IdeaProjects/unsplash-final-project/build/downloads/1690913107150_1331_1] in 1 [size=1]
[Test worker] INFO com.codeborne.selenide.impl.WebDriverThreadLocalContainer - Webdriver has been closed meanwhile. Let's re-create it.
[Test worker] INFO com.codeborne.selenide.impl.FileHelper - Deleted empty folder: /Users/veronikaackaa/IdeaProjects/unsplash-final-project/build/downloads/1690913107150_1331_1
[Test worker] INFO com.codeborne.selenide.drivercommands.CloseDriverCommand - Close webdriver: 1 -> ChromeDriver: chrome on mac (05685d4d830f755bc7ba2667c1935c9a)...
[Test worker] INFO com.codeborne.selenide.drivercommands.CloseDriverCommand - Closed webdriver 1 in 56 ms
[Test worker] INFO com.codeborne.selenide.drivercommands.DisposablesRegistry - Unregister WebDriverInstance[config=StaticConfig,webDriver=ChromeDriver: chrome on mac (null),proxy=null,downloadsFolder=/Users/veronikaackaa/IdeaProjects/unsplash-final-project/build/downloads/1690913107150_1331_1] in 1 [size=0]
[Test worker] INFO com.codeborne.selenide.impl.FileHelper - Creating folder: /Users/veronikaackaa/IdeaProjects/unsplash-final-project/build/downloads/1690913110241_1331_1
[Test worker] INFO com.codeborne.selenide.webdriver.SelenideNettyClientFactory - Changed readTimeout from PT3M to PT1M30S
Starting ChromeDriver 114.0.5735.90 (386bc09e8f4f2e025eddae123f36f6263096ae49-refs/branch-heads/5735@{#1052}) on port 36730
Only local connections are allowed.
Please see https://chromedriver.chromium.org/security-considerations for suggestions on keeping ChromeDriver safe.
ChromeDriver was started successfully.
[1690913110.859][WARNING]: This version of ChromeDriver has not been tested with Chrome version 115.
[Test worker] INFO com.codeborne.selenide.webdriver.SelenideNettyClientFactory - Changed readTimeout from PT3M to PT1M30S
[Test worker] INFO com.codeborne.selenide.webdriver.SelenideNettyClientFactory - Changed readTimeout from PT3M to PT1M30S
авг. 01, 2023 8:05:10 PM org.openqa.selenium.devtools.CdpVersionFinder findNearestMatch
WARNING: Unable to find an exact match for CDP version 115, so returning the closest version found: 113
[Test worker] INFO com.codeborne.selenide.webdriver.WebDriverFactory - BrowserName=chrome Version=115.0.5790.114 Platform=mac
[Test worker] INFO com.codeborne.selenide.webdriver.WebDriverFactory - Selenide v. 6.15.0
[Test worker] INFO com.codeborne.selenide.webdriver.WebDriverFactory - Selenium WebDriver v. 4.9.1 build revision: eb2032df7f
[Test worker] INFO com.codeborne.selenide.drivercommands.CreateDriverCommand - Created webdriver in thread 1: ChromeDriver -> ChromeDriver: chrome on mac (de00fbdc63c345818a3f7007dc105b68)
[Test worker] INFO com.codeborne.selenide.drivercommands.DisposablesRegistry - Register WebDriverInstance[config=StaticConfig,webDriver=ChromeDriver: chrome on mac (de00fbdc63c345818a3f7007dc105b68),proxy=null,downloadsFolder=/Users/veronikaackaa/IdeaProjects/unsplash-final-project/build/downloads/1690913110241_1331_1] in 1 [size=1]
]]></system-err>
</testsuite>
