<?xml version="1.0" encoding="UTF-8"?>
<testsuite name="com.neznatnov.api.tests.PhotoTest" tests="3" skipped="0" failures="0" errors="0" timestamp="2023-08-01T18:04:46" hostname="MacBook-Air-Veronika.local" time="0.584">
  <properties/>
  <testcase name="testSearchPhotos()" classname="com.neznatnov.api.tests.PhotoTest" time="0.137"/>
  <testcase name="testGetRandomPhoto()" classname="com.neznatnov.api.tests.PhotoTest" time="0.262"/>
  <testcase name="testGetPhotoStatistics()" classname="com.neznatnov.api.tests.PhotoTest" time="0.183"/>
  <system-out><![CDATA[[
    {
        "id": "L9tx84SvBkw",
        "slug": "L9tx84SvBkw",
        "created_at": "2021-12-08T18:35:11Z",
        "updated_at": "2023-08-01T16:27:27Z",
        "promoted_at": "2023-07-24T17:00:02Z",
        "width": 5464,
        "height": 8192,
        "color": "#262626",
        "blur_hash": "LAA139tR_39FM{~q8_%g%gD%%NIU",
        "description": null,
        "alt_description": "a man wearing a brown jacket and holding a microphone",
        "breadcrumbs": [
            
        ],
        "urls": {
            "raw": "https://images.unsplash.com/photo-1638984849672-f53aed5c6140?ixid=M3w0NzkzMjB8MHwxfHJhbmRvbXx8fHx8fHx8fDE2OTA5MTMwODZ8&ixlib=rb-4.0.3",
            "full": "https://images.unsplash.com/photo-1638984849672-f53aed5c6140?crop=entropy&cs=srgb&fm=jpg&ixid=M3w0NzkzMjB8MHwxfHJhbmRvbXx8fHx8fHx8fDE2OTA5MTMwODZ8&ixlib=rb-4.0.3&q=85",
            "regular": "https://images.unsplash.com/photo-1638984849672-f53aed5c6140?crop=entropy&cs=tinysrgb&fit=max&fm=jpg&ixid=M3w0NzkzMjB8MHwxfHJhbmRvbXx8fHx8fHx8fDE2OTA5MTMwODZ8&ixlib=rb-4.0.3&q=80&w=1080",
            "small": "https://images.unsplash.com/photo-1638984849672-f53aed5c6140?crop=entropy&cs=tinysrgb&fit=max&fm=jpg&ixid=M3w0NzkzMjB8MHwxfHJhbmRvbXx8fHx8fHx8fDE2OTA5MTMwODZ8&ixlib=rb-4.0.3&q=80&w=400",
            "thumb": "https://images.unsplash.com/photo-1638984849672-f53aed5c6140?crop=entropy&cs=tinysrgb&fit=max&fm=jpg&ixid=M3w0NzkzMjB8MHwxfHJhbmRvbXx8fHx8fHx8fDE2OTA5MTMwODZ8&ixlib=rb-4.0.3&q=80&w=200",
            "small_s3": "https://s3.us-west-2.amazonaws.com/images.unsplash.com/small/photo-1638984849672-f53aed5c6140"
        },
        "links": {
            "self": "https://api.unsplash.com/photos/L9tx84SvBkw",
            "html": "https://unsplash.com/photos/L9tx84SvBkw",
            "download": "https://unsplash.com/photos/L9tx84SvBkw/download?ixid=M3w0NzkzMjB8MHwxfHJhbmRvbXx8fHx8fHx8fDE2OTA5MTMwODZ8",
            "download_location": "https://api.unsplash.com/photos/L9tx84SvBkw/download?ixid=M3w0NzkzMjB8MHwxfHJhbmRvbXx8fHx8fHx8fDE2OTA5MTMwODZ8"
        },
        "likes": 29,
        "liked_by_user": false,
        "current_user_collections": [
            
        ],
        "sponsorship": null,
        "topic_submissions": {
            
        },
        "user": {
            "id": "dG6lZyj-wvM",
            "updated_at": "2023-08-01T13:08:04Z",
            "username": "nate_dumlao",
            "name": "Nathan Dumlao",
            "first_name": "Nathan",
            "last_name": "Dumlao",
            "twitter_username": "Nate_Dumlao",
            "portfolio_url": null,
            "bio": "I've learned and developed my talents due to the generosity of the people who came before me. Hopefully some of my content will help you do the same! \r\n Feel free to drop a donation if you find my photos inspiring or useful!",
            "location": "Los Angeles",
            "links": {
                "self": "https://api.unsplash.com/users/nate_dumlao",
                "html": "https://unsplash.com/@nate_dumlao",
                "photos": "https://api.unsplash.com/users/nate_dumlao/photos",
                "likes": "https://api.unsplash.com/users/nate_dumlao/likes",
                "portfolio": "https://api.unsplash.com/users/nate_dumlao/portfolio",
                "following": "https://api.unsplash.com/users/nate_dumlao/following",
                "followers": "https://api.unsplash.com/users/nate_dumlao/followers"
            },
            "profile_image": {
                "small": "https://images.unsplash.com/profile-1495427732560-fe5248ad6638?ixlib=rb-4.0.3&crop=faces&fit=crop&w=32&h=32",
                "medium": "https://images.unsplash.com/profile-1495427732560-fe5248ad6638?ixlib=rb-4.0.3&crop=faces&fit=crop&w=64&h=64",
                "large": "https://images.unsplash.com/profile-1495427732560-fe5248ad6638?ixlib=rb-4.0.3&crop=faces&fit=crop&w=128&h=128"
            },
            "instagram_username": "nate_dumlao",
            "total_collections": 23,
            "total_likes": 1237,
            "total_photos": 4276,
            "accepted_tos": true,
            "for_hire": true,
            "social": {
                "instagram_username": "nate_dumlao",
                "portfolio_url": null,
                "twitter_username": "Nate_Dumlao",
                "paypal_email": null
            }
        },
        "exif": {
            "make": "Canon",
            "model": " EOS R5",
            "name": "Canon, EOS R5",
            "exposure_time": "1/200",
            "aperture": "2.8",
            "focal_length": "50.0",
            "iso": 640
        },
        "location": {
            "name": null,
            "city": null,
            "country": null,
            "position": {
                "latitude": null,
                "longitude": null
            }
        },
        "views": 342546,
        "downloads": 2605
    }
]
]]></system-out>
  <system-err><![CDATA[]]></system-err>
</testsuite>
