<?xml version="1.0" encoding="UTF-8"?>
<testsuite name="com.neznatnov.api.tests.CollectionsTest" tests="2" skipped="0" failures="0" errors="0" timestamp="2023-08-01T18:04:44" hostname="MacBook-Air-Veronika.local" time="1.631">
  <properties/>
  <testcase name="testGetCollectionPhotos()" classname="com.neznatnov.api.tests.CollectionsTest" time="1.495"/>
  <testcase name="testGetCollectionById()" classname="com.neznatnov.api.tests.CollectionsTest" time="0.135"/>
  <system-out><![CDATA[]]></system-out>
  <system-err><![CDATA[]]></system-err>
</testsuite>
