<?xml version="1.0" encoding="UTF-8"?>
<testsuite name="com.neznatnov.api.tests.UserTest" tests="1" skipped="0" failures="0" errors="0" timestamp="2023-08-03T06:08:02" hostname="MacBook-Air-Veronika.local" time="1.856">
  <properties/>
  <testcase name="Getting collections created by a specific user" classname="com.neznatnov.api.tests.UserTest" time="1.856"/>
  <system-out><![CDATA[Request URI:	https://api.unsplash.com/users/juniperphoton/collections?per_page=2
Body:			<none>
[
    {
        "id": "KBPlzADspYI",
        "title": "Universe",
        "description": null,
        "published_at": "2022-04-03T15:55:40Z",
        "last_collected_at": "2022-04-03T15:55:47Z",
        "updated_at": "2022-04-03T15:55:47Z",
        "featured": false,
        "total_photos": 2,
        "private": false,
        "share_key": "faaa7e3ce482c561317d34c8d56c5d0c",
        "tags": [
            {
                "type": "search",
                "title": "universe"
            },
            {
                "type": "search",
                "title": "starry sky"
            },
            {
                "type": "landing_page",
                "title": "star",
                "source": {
                    "ancestry": {
                        "type": {
                            "slug": "images",
                            "pretty_slug": "Images"
                        },
                        "category": {
                            "slug": "nature",
                            "pretty_slug": "Nature"
                        },
                        "subcategory": {
                            "slug": "star",
                            "pretty_slug": "Star"
                        }
                    },
                    "title": "Star images",
                    "subtitle": "Download free star images",
                    "description": "Choose from a curated selection of star photos. Always free on Unsplash.",
                    "meta_title": "20+ Best Free Star Pictures on Unsplash",
                    "meta_description": "Choose from hundreds of free star pictures. Download HD star photos for free on Unsplash.",
                    "cover_photo": {
                        "id": "a0TJ3hy-UD8",
                        "slug": "a0TJ3hy-UD8",
                        "created_at": "2017-10-19T08:44:31Z",
                        "updated_at": "2023-07-30T23:02:15Z",
                        "promoted_at": "2017-10-19T21:44:55Z",
                        "width": 5472,
                        "height": 3648,
                        "color": "#0c2640",
                        "blur_hash": "L72Poop0RMV=pMkYaIaJRhkDofac",
                        "description": "Key Summit, part of the Routeburn Track, Millford Sound.",
                        "alt_description": "silhouette of mountain peak at nighttime",
                        "breadcrumbs": [
                            
                        ],
                        "urls": {
                            "raw": "https://images.unsplash.com/photo-1508402476522-c77c2fa4479d?ixlib=rb-4.0.3",
                            "full": "https://images.unsplash.com/photo-1508402476522-c77c2fa4479d?ixlib=rb-4.0.3&q=85&fm=jpg&crop=entropy&cs=srgb",
                            "regular": "https://images.unsplash.com/photo-1508402476522-c77c2fa4479d?ixlib=rb-4.0.3&q=80&fm=jpg&crop=entropy&cs=tinysrgb&w=1080&fit=max",
                            "small": "https://images.unsplash.com/photo-1508402476522-c77c2fa4479d?ixlib=rb-4.0.3&q=80&fm=jpg&crop=entropy&cs=tinysrgb&w=400&fit=max",
                            "thumb": "https://images.unsplash.com/photo-1508402476522-c77c2fa4479d?ixlib=rb-4.0.3&q=80&fm=jpg&crop=entropy&cs=tinysrgb&w=200&fit=max",
                            "small_s3": "https://s3.us-west-2.amazonaws.com/images.unsplash.com/small/photo-1508402476522-c77c2fa4479d"
                        },
                        "links": {
                            "self": "https://api.unsplash.com/photos/a0TJ3hy-UD8",
                            "html": "https://unsplash.com/photos/a0TJ3hy-UD8",
                            "download": "https://unsplash.com/photos/a0TJ3hy-UD8/download",
                            "download_location": "https://api.unsplash.com/photos/a0TJ3hy-UD8/download"
                        },
                        "likes": 746,
                        "liked_by_user": false,
                        "current_user_collections": [
                            
                        ],
                        "sponsorship": null,
                        "topic_submissions": {
                            
                        },
                        "premium": false,
                        "plus": false,
                        "user": {
                            "id": "-QamH6sny3M",
                            "updated_at": "2023-07-23T01:12:10Z",
                            "username": "philbotha",
                            "name": "Phil Botha",
                            "first_name": "Phil",
                            "last_name": "Botha",
                            "twitter_username": null,
                            "portfolio_url": "https://philbotha.co.nz",
                            "bio": "Aotearoa, New Zealand",
                            "location": "New Zealand",
                            "links": {
                                "self": "https://api.unsplash.com/users/philbotha",
                                "html": "https://unsplash.com/@philbotha",
                                "photos": "https://api.unsplash.com/users/philbotha/photos",
                                "likes": "https://api.unsplash.com/users/philbotha/likes",
                                "portfolio": "https://api.unsplash.com/users/philbotha/portfolio",
                                "following": "https://api.unsplash.com/users/philbotha/following",
                                "followers": "https://api.unsplash.com/users/philbotha/followers"
                            },
                            "profile_image": {
                                "small": "https://images.unsplash.com/profile-1618470173660-888bde2e3181image?ixlib=rb-4.0.3&crop=faces&fit=crop&w=32&h=32",
                                "medium": "https://images.unsplash.com/profile-1618470173660-888bde2e3181image?ixlib=rb-4.0.3&crop=faces&fit=crop&w=64&h=64",
                                "large": "https://images.unsplash.com/profile-1618470173660-888bde2e3181image?ixlib=rb-4.0.3&crop=faces&fit=crop&w=128&h=128"
                            },
                            "instagram_username": "phryd",
                            "total_collections": 0,
                            "total_likes": 21,
                            "total_photos": 47,
                            "accepted_tos": true,
                            "for_hire": true,
                            "social": {
                                "instagram_username": "phryd",
                                "portfolio_url": "https://philbotha.co.nz",
                                "twitter_username": null,
                                "paypal_email": null
                            }
                        }
                    }
                }
            },
            {
                "type": "landing_page",
                "title": "space",
                "source": {
                    "ancestry": {
                        "type": {
                            "slug": "images",
                            "pretty_slug": "Images"
                        },
                        "category": {
                            "slug": "nature",
                            "pretty_slug": "Nature"
                        },
                        "subcategory": {
                            "slug": "space",
                            "pretty_slug": "Space"
                        }
                    },
                    "title": "Space images & pictures",
                    "subtitle": "Download free space images",
                    "description": "Choose from a curated selection of space photos. Always free on Unsplash.",
                    "meta_title": "20+ Space Pictures & Images [HD] | Download Free Photos on Unsplash",
                    "meta_description": "Choose from hundreds of free space pictures. Download HD space photos for free on Unsplash.",
                    "cover_photo": {
                        "id": "ln5drpv_ImI",
                        "slug": "ln5drpv_ImI",
                        "created_at": "2014-12-22T10:09:19Z",
                        "updated_at": "2023-07-31T18:00:07Z",
                        "promoted_at": "2014-12-22T10:09:19Z",
                        "width": 5184,
                        "height": 3296,
                        "color": "#260c40",
                        "blur_hash": "LNBxT-$,NGxG0{R*xHR+J3S0R*a_",
                        "description": "Sublime purple night sky",
                        "alt_description": "silhouette photo of mountain during night time",
                        "breadcrumbs": [
                            
                        ],
                        "urls": {
                            "raw": "https://images.unsplash.com/photo-1419242902214-272b3f66ee7a?ixlib=rb-4.0.3",
                            "full": "https://images.unsplash.com/photo-1419242902214-272b3f66ee7a?ixlib=rb-4.0.3&q=85&fm=jpg&crop=entropy&cs=srgb",
                            "regular": "https://images.unsplash.com/photo-1419242902214-272b3f66ee7a?ixlib=rb-4.0.3&q=80&fm=jpg&crop=entropy&cs=tinysrgb&w=1080&fit=max",
                            "small": "https://images.unsplash.com/photo-1419242902214-272b3f66ee7a?ixlib=rb-4.0.3&q=80&fm=jpg&crop=entropy&cs=tinysrgb&w=400&fit=max",
                            "thumb": "https://images.unsplash.com/photo-1419242902214-272b3f66ee7a?ixlib=rb-4.0.3&q=80&fm=jpg&crop=entropy&cs=tinysrgb&w=200&fit=max",
                            "small_s3": "https://s3.us-west-2.amazonaws.com/images.unsplash.com/small/photo-1419242902214-272b3f66ee7a"
                        },
                        "links": {
                            "self": "https://api.unsplash.com/photos/ln5drpv_ImI",
                            "html": "https://unsplash.com/photos/ln5drpv_ImI",
                            "download": "https://unsplash.com/photos/ln5drpv_ImI/download",
                            "download_location": "https://api.unsplash.com/photos/ln5drpv_ImI/download"
                        },
                        "likes": 6485,
                        "liked_by_user": false,
                        "current_user_collections": [
                            
                        ],
                        "sponsorship": null,
                        "topic_submissions": {
                            "nature": {
                                "status": "approved",
                                "approved_on": "2021-12-07T17:53:31Z"
                            }
                        },
                        "premium": false,
                        "plus": false,
                        "user": {
                            "id": "K9UzvhZ46e4",
                            "updated_at": "2023-07-24T02:24:29Z",
                            "username": "vincentiu",
                            "name": "Vincentiu Solomon",
                            "first_name": "Vincentiu",
                            "last_name": "Solomon",
                            "twitter_username": null,
                            "portfolio_url": "http://vincentiusolomon.com",
                            "bio": "3d artist / motion designer",
                            "location": "Trento, Italy",
                            "links": {
                                "self": "https://api.unsplash.com/users/vincentiu",
                                "html": "https://unsplash.com/@vincentiu",
                                "photos": "https://api.unsplash.com/users/vincentiu/photos",
                                "likes": "https://api.unsplash.com/users/vincentiu/likes",
                                "portfolio": "https://api.unsplash.com/users/vincentiu/portfolio",
                                "following": "https://api.unsplash.com/users/vincentiu/following",
                                "followers": "https://api.unsplash.com/users/vincentiu/followers"
                            },
                            "profile_image": {
                                "small": "https://images.unsplash.com/profile-1643131298603-6da40cdbbd20image?ixlib=rb-4.0.3&crop=faces&fit=crop&w=32&h=32",
                                "medium": "https://images.unsplash.com/profile-1643131298603-6da40cdbbd20image?ixlib=rb-4.0.3&crop=faces&fit=crop&w=64&h=64",
                                "large": "https://images.unsplash.com/profile-1643131298603-6da40cdbbd20image?ixlib=rb-4.0.3&crop=faces&fit=crop&w=128&h=128"
                            },
                            "instagram_username": "vincentiusolomon",
                            "total_collections": 0,
                            "total_likes": 26,
                            "total_photos": 48,
                            "accepted_tos": true,
                            "for_hire": true,
                            "social": {
                                "instagram_username": "vincentiusolomon",
                                "portfolio_url": "http://vincentiusolomon.com",
                                "twitter_username": null,
                                "paypal_email": null
                            }
                        }
                    }
                }
            },
            {
                "type": "landing_page",
                "title": "outer space",
                "source": {
                    "ancestry": {
                        "type": {
                            "slug": "images",
                            "pretty_slug": "Images"
                        },
                        "category": {
                            "slug": "nature",
                            "pretty_slug": "Nature"
                        },
                        "subcategory": {
                            "slug": "outer-space",
                            "pretty_slug": "Outer Space"
                        }
                    },
                    "title": "Outer space pictures",
                    "subtitle": "Download free outer space images",
                    "description": "Choose from a curated selection of outer space photos. Always free on Unsplash.",
                    "meta_title": "500+ Outer Space Pictures [HD] | Download Free Images on Unsplash",
                    "meta_description": "Download the perfect outer space pictures. Find over 100+ of the best free outer space images. Free for commercial use ✓ No attribution required ✓ Copyright-free ✓",
                    "cover_photo": {
                        "id": "oMpAz-DN-9I",
                        "slug": "oMpAz-DN-9I",
                        "created_at": "2015-10-13T02:36:06Z",
                        "updated_at": "2023-07-31T18:00:23Z",
                        "promoted_at": "2015-10-13T02:36:06Z",
                        "width": 5616,
                        "height": 3744,
                        "color": "#260c0c",
                        "blur_hash": "LSB{W3Vs0zXSIqbaxZn%56kW-Vni",
                        "description": null,
                        "alt_description": "silhouette photography of person",
                        "breadcrumbs": [
                            
                        ],
                        "urls": {
                            "raw": "https://images.unsplash.com/photo-1444703686981-a3abbc4d4fe3?ixlib=rb-4.0.3",
                            "full": "https://images.unsplash.com/photo-1444703686981-a3abbc4d4fe3?ixlib=rb-4.0.3&q=85&fm=jpg&crop=entropy&cs=srgb",
                            "regular": "https://images.unsplash.com/photo-1444703686981-a3abbc4d4fe3?ixlib=rb-4.0.3&q=80&fm=jpg&crop=entropy&cs=tinysrgb&w=1080&fit=max",
                            "small": "https://images.unsplash.com/photo-1444703686981-a3abbc4d4fe3?ixlib=rb-4.0.3&q=80&fm=jpg&crop=entropy&cs=tinysrgb&w=400&fit=max",
                            "thumb": "https://images.unsplash.com/photo-1444703686981-a3abbc4d4fe3?ixlib=rb-4.0.3&q=80&fm=jpg&crop=entropy&cs=tinysrgb&w=200&fit=max",
                            "small_s3": "https://s3.us-west-2.amazonaws.com/images.unsplash.com/small/photo-1444703686981-a3abbc4d4fe3"
                        },
                        "links": {
                            "self": "https://api.unsplash.com/photos/oMpAz-DN-9I",
                            "html": "https://unsplash.com/photos/oMpAz-DN-9I",
                            "download": "https://unsplash.com/photos/oMpAz-DN-9I/download",
                            "download_location": "https://api.unsplash.com/photos/oMpAz-DN-9I/download"
                        },
                        "likes": 17694,
                        "liked_by_user": false,
                        "current_user_collections": [
                            
                        ],
                        "sponsorship": null,
                        "topic_submissions": {
                            "wallpapers": {
                                "status": "approved",
                                "approved_on": "2020-04-06T14:20:09Z"
                            }
                        },
                        "premium": false,
                        "plus": false,
                        "user": {
                            "id": "XQqOpGtnD6U",
                            "updated_at": "2023-08-01T04:29:25Z",
                            "username": "grakozy",
                            "name": "Greg Rakozy",
                            "first_name": "Greg",
                            "last_name": "Rakozy",
                            "twitter_username": "grakozy",
                            "portfolio_url": "http://gregrakozy.com",
                            "bio": "Like my photos? Buy me a coffee: https://www.buymeacoffee.com/grakozy",
                            "location": "Salt Lake City, Utah",
                            "links": {
                                "self": "https://api.unsplash.com/users/grakozy",
                                "html": "https://unsplash.com/@grakozy",
                                "photos": "https://api.unsplash.com/users/grakozy/photos",
                                "likes": "https://api.unsplash.com/users/grakozy/likes",
                                "portfolio": "https://api.unsplash.com/users/grakozy/portfolio",
                                "following": "https://api.unsplash.com/users/grakozy/following",
                                "followers": "https://api.unsplash.com/users/grakozy/followers"
                            },
                            "profile_image": {
                                "small": "https://images.unsplash.com/profile-1495388545592-e4e376925c59?ixlib=rb-4.0.3&crop=faces&fit=crop&w=32&h=32",
                                "medium": "https://images.unsplash.com/profile-1495388545592-e4e376925c59?ixlib=rb-4.0.3&crop=faces&fit=crop&w=64&h=64",
                                "large": "https://images.unsplash.com/profile-1495388545592-e4e376925c59?ixlib=rb-4.0.3&crop=faces&fit=crop&w=128&h=128"
                            },
                            "instagram_username": "grakozy",
                            "total_collections": 20,
                            "total_likes": 135,
                            "total_photos": 75,
                            "accepted_tos": true,
                            "for_hire": true,
                            "social": {
                                "instagram_username": "grakozy",
                                "portfolio_url": "http://gregrakozy.com",
                                "twitter_username": "grakozy",
                                "paypal_email": null
                            }
                        }
                    }
                }
            },
            {
                "type": "search",
                "title": "outdoor"
            }
        ],
        "links": {
            "self": "https://api.unsplash.com/collections/KBPlzADspYI",
            "html": "https://unsplash.com/collections/KBPlzADspYI/universe",
            "photos": "https://api.unsplash.com/collections/KBPlzADspYI/photos",
            "related": "https://api.unsplash.com/collections/KBPlzADspYI/related"
        },
        "user": {
            "id": "--RRlufUoDw",
            "updated_at": "2023-08-02T03:47:29Z",
            "username": "juniperphoton",
            "name": "JuniperPhoton",
            "first_name": "JuniperPhoton",
            "last_name": null,
            "twitter_username": "juniperphoton",
            "portfolio_url": "https://juniperphoton.dev/photonapps/",
            "bio": "]]>&#x1f4f7;<![CDATA[ Photographer & ]]>&#x1f4f1;<![CDATA[ Software developer",
            "location": "Shenzhen, China",
            "links": {
                "self": "https://api.unsplash.com/users/juniperphoton",
                "html": "https://unsplash.com/@juniperphoton",
                "photos": "https://api.unsplash.com/users/juniperphoton/photos",
                "likes": "https://api.unsplash.com/users/juniperphoton/likes",
                "portfolio": "https://api.unsplash.com/users/juniperphoton/portfolio",
                "following": "https://api.unsplash.com/users/juniperphoton/following",
                "followers": "https://api.unsplash.com/users/juniperphoton/followers"
            },
            "profile_image": {
                "small": "https://images.unsplash.com/profile-1676790033783-b7cca5b552d2image?ixlib=rb-4.0.3&crop=faces&fit=crop&w=32&h=32",
                "medium": "https://images.unsplash.com/profile-1676790033783-b7cca5b552d2image?ixlib=rb-4.0.3&crop=faces&fit=crop&w=64&h=64",
                "large": "https://images.unsplash.com/profile-1676790033783-b7cca5b552d2image?ixlib=rb-4.0.3&crop=faces&fit=crop&w=128&h=128"
            },
            "instagram_username": "juniperphoton",
            "total_collections": 10,
            "total_likes": 9,
            "total_photos": 556,
            "accepted_tos": true,
            "for_hire": false,
            "social": {
                "instagram_username": "juniperphoton",
                "portfolio_url": "https://juniperphoton.dev/photonapps/",
                "twitter_username": "juniperphoton",
                "paypal_email": null
            }
        },
        "cover_photo": {
            "id": "5KvjBCpyWBo",
            "slug": "5KvjBCpyWBo",
            "created_at": "2021-01-04T15:41:33Z",
            "updated_at": "2023-08-03T03:16:58Z",
            "promoted_at": "2021-01-05T10:02:34Z",
            "width": 5304,
            "height": 7931,
            "color": "#0c2659",
            "blur_hash": "LB1fx|kGV;axacawfRj[Vnavoij[",
            "description": null,
            "alt_description": "blue sky with stars during night time",
            "breadcrumbs": [
                
            ],
            "urls": {
                "raw": "https://images.unsplash.com/photo-1609774846116-71fa83520714?ixlib=rb-4.0.3",
                "full": "https://images.unsplash.com/photo-1609774846116-71fa83520714?ixlib=rb-4.0.3&q=85&fm=jpg&crop=entropy&cs=srgb",
                "regular": "https://images.unsplash.com/photo-1609774846116-71fa83520714?ixlib=rb-4.0.3&q=80&fm=jpg&crop=entropy&cs=tinysrgb&w=1080&fit=max",
                "small": "https://images.unsplash.com/photo-1609774846116-71fa83520714?ixlib=rb-4.0.3&q=80&fm=jpg&crop=entropy&cs=tinysrgb&w=400&fit=max",
                "thumb": "https://images.unsplash.com/photo-1609774846116-71fa83520714?ixlib=rb-4.0.3&q=80&fm=jpg&crop=entropy&cs=tinysrgb&w=200&fit=max",
                "small_s3": "https://s3.us-west-2.amazonaws.com/images.unsplash.com/small/photo-1609774846116-71fa83520714"
            },
            "links": {
                "self": "https://api.unsplash.com/photos/5KvjBCpyWBo",
                "html": "https://unsplash.com/photos/5KvjBCpyWBo",
                "download": "https://unsplash.com/photos/5KvjBCpyWBo/download",
                "download_location": "https://api.unsplash.com/photos/5KvjBCpyWBo/download"
            },
            "likes": 153,
            "liked_by_user": false,
            "current_user_collections": [
                
            ],
            "sponsorship": null,
            "topic_submissions": {
                "blue": {
                    "status": "approved",
                    "approved_on": "2023-07-27T05:25:39Z"
                }
            },
            "user": {
                "id": "--RRlufUoDw",
                "updated_at": "2023-08-02T03:47:29Z",
                "username": "juniperphoton",
                "name": "JuniperPhoton",
                "first_name": "JuniperPhoton",
                "last_name": null,
                "twitter_username": "juniperphoton",
                "portfolio_url": "https://juniperphoton.dev/photonapps/",
                "bio": "]]>&#x1f4f7;<![CDATA[ Photographer & ]]>&#x1f4f1;<![CDATA[ Software developer",
                "location": "Shenzhen, China",
                "links": {
                    "self": "https://api.unsplash.com/users/juniperphoton",
                    "html": "https://unsplash.com/@juniperphoton",
                    "photos": "https://api.unsplash.com/users/juniperphoton/photos",
                    "likes": "https://api.unsplash.com/users/juniperphoton/likes",
                    "portfolio": "https://api.unsplash.com/users/juniperphoton/portfolio",
                    "following": "https://api.unsplash.com/users/juniperphoton/following",
                    "followers": "https://api.unsplash.com/users/juniperphoton/followers"
                },
                "profile_image": {
                    "small": "https://images.unsplash.com/profile-1676790033783-b7cca5b552d2image?ixlib=rb-4.0.3&crop=faces&fit=crop&w=32&h=32",
                    "medium": "https://images.unsplash.com/profile-1676790033783-b7cca5b552d2image?ixlib=rb-4.0.3&crop=faces&fit=crop&w=64&h=64",
                    "large": "https://images.unsplash.com/profile-1676790033783-b7cca5b552d2image?ixlib=rb-4.0.3&crop=faces&fit=crop&w=128&h=128"
                },
                "instagram_username": "juniperphoton",
                "total_collections": 10,
                "total_likes": 9,
                "total_photos": 556,
                "accepted_tos": true,
                "for_hire": false,
                "social": {
                    "instagram_username": "juniperphoton",
                    "portfolio_url": "https://juniperphoton.dev/photonapps/",
                    "twitter_username": "juniperphoton",
                    "paypal_email": null
                }
            }
        },
        "preview_photos": [
            {
                "id": "5KvjBCpyWBo",
                "slug": "5KvjBCpyWBo",
                "created_at": "2021-01-04T15:41:33Z",
                "updated_at": "2023-08-03T03:16:58Z",
                "blur_hash": "LB1fx|kGV;axacawfRj[Vnavoij[",
                "urls": {
                    "raw": "https://images.unsplash.com/photo-1609774846116-71fa83520714?ixlib=rb-4.0.3",
                    "full": "https://images.unsplash.com/photo-1609774846116-71fa83520714?ixlib=rb-4.0.3&q=85&fm=jpg&crop=entropy&cs=srgb",
                    "regular": "https://images.unsplash.com/photo-1609774846116-71fa83520714?ixlib=rb-4.0.3&q=80&fm=jpg&crop=entropy&cs=tinysrgb&w=1080&fit=max",
                    "small": "https://images.unsplash.com/photo-1609774846116-71fa83520714?ixlib=rb-4.0.3&q=80&fm=jpg&crop=entropy&cs=tinysrgb&w=400&fit=max",
                    "thumb": "https://images.unsplash.com/photo-1609774846116-71fa83520714?ixlib=rb-4.0.3&q=80&fm=jpg&crop=entropy&cs=tinysrgb&w=200&fit=max",
                    "small_s3": "https://s3.us-west-2.amazonaws.com/images.unsplash.com/small/photo-1609774846116-71fa83520714"
                }
            },
            {
                "id": "ckU7CseK6ag",
                "slug": "ckU7CseK6ag",
                "created_at": "2021-01-04T16:04:55Z",
                "updated_at": "2023-08-03T03:16:58Z",
                "blur_hash": "L72PZNtVe*acRLV=a~j]VnabkEj]",
                "urls": {
                    "raw": "https://images.unsplash.com/photo-1609775527066-75ded26b7348?ixlib=rb-4.0.3",
                    "full": "https://images.unsplash.com/photo-1609775527066-75ded26b7348?ixlib=rb-4.0.3&q=85&fm=jpg&crop=entropy&cs=srgb",
                    "regular": "https://images.unsplash.com/photo-1609775527066-75ded26b7348?ixlib=rb-4.0.3&q=80&fm=jpg&crop=entropy&cs=tinysrgb&w=1080&fit=max",
                    "small": "https://images.unsplash.com/photo-1609775527066-75ded26b7348?ixlib=rb-4.0.3&q=80&fm=jpg&crop=entropy&cs=tinysrgb&w=400&fit=max",
                    "thumb": "https://images.unsplash.com/photo-1609775527066-75ded26b7348?ixlib=rb-4.0.3&q=80&fm=jpg&crop=entropy&cs=tinysrgb&w=200&fit=max",
                    "small_s3": "https://s3.us-west-2.amazonaws.com/images.unsplash.com/small/photo-1609775527066-75ded26b7348"
                }
            }
        ]
    },
    {
        "id": "hbgaXYlvGX4",
        "title": "Road",
        "description": null,
        "published_at": "2022-04-03T15:50:32Z",
        "last_collected_at": "2022-04-03T15:55:27Z",
        "updated_at": "2022-04-03T15:55:27Z",
        "featured": false,
        "total_photos": 12,
        "private": false,
        "share_key": "9b7b1f912b62c8329e4adbfd720435e4",
        "tags": [
            {
                "type": "search",
                "title": "road"
            },
            {
                "type": "search",
                "title": "china"
            },
            {
                "type": "search",
                "title": "outdoor"
            },
            {
                "type": "landing_page",
                "title": "car",
                "source": {
                    "ancestry": {
                        "type": {
                            "slug": "images",
                            "pretty_slug": "Images"
                        },
                        "category": {
                            "slug": "things",
                            "pretty_slug": "Things"
                        },
                        "subcategory": {
                            "slug": "car",
                            "pretty_slug": "Car"
                        }
                    },
                    "title": "Car images & pictures",
                    "subtitle": "Download free car images",
                    "description": "Choose from a curated selection of car photos. Always free on Unsplash.",
                    "meta_title": "Best 500+ Car Photos [Spectacular] | Download Car Images & Pictures - Unsplash",
                    "meta_description": "Choose from hundreds of free car pictures. Download HD car photos for free on Unsplash.",
                    "cover_photo": {
                        "id": "m3m-lnR90uM",
                        "slug": "m3m-lnR90uM",
                        "created_at": "2017-04-14T04:59:12Z",
                        "updated_at": "2023-07-31T13:01:25Z",
                        "promoted_at": "2017-04-14T17:20:15Z",
                        "width": 5357,
                        "height": 3164,
                        "color": "#262640",
                        "blur_hash": "L95Y4=I9Mw%NWAj?j]a}8^%hxvIA",
                        "description": "I shot this while doing a job for a luxury automotive storage facility in Baltimore, MD. I wanted to create an ominous sense of intrigue, giving the feeling of a space that was both expansive and enclosed. I enjoy the journey my eyes take from the focal point of the headlamps to the contours of the Camero’s body, and then to the backdrop of stacked automobiles.",
                        "alt_description": "white car",
                        "breadcrumbs": [
                            {
                                "slug": "backgrounds",
                                "title": "HQ Background Images",
                                "index": 0,
                                "type": "landing_page"
                            },
                            {
                                "slug": "things",
                                "title": "Things Backgrounds",
                                "index": 1,
                                "type": "landing_page"
                            },
                            {
                                "slug": "cars",
                                "title": "Cars Backgrounds",
                                "index": 2,
                                "type": "landing_page"
                            }
                        ],
                        "urls": {
                            "raw": "https://images.unsplash.com/photo-1492144534655-ae79c964c9d7?ixlib=rb-4.0.3",
                            "full": "https://images.unsplash.com/photo-1492144534655-ae79c964c9d7?ixlib=rb-4.0.3&q=85&fm=jpg&crop=entropy&cs=srgb",
                            "regular": "https://images.unsplash.com/photo-1492144534655-ae79c964c9d7?ixlib=rb-4.0.3&q=80&fm=jpg&crop=entropy&cs=tinysrgb&w=1080&fit=max",
                            "small": "https://images.unsplash.com/photo-1492144534655-ae79c964c9d7?ixlib=rb-4.0.3&q=80&fm=jpg&crop=entropy&cs=tinysrgb&w=400&fit=max",
                            "thumb": "https://images.unsplash.com/photo-1492144534655-ae79c964c9d7?ixlib=rb-4.0.3&q=80&fm=jpg&crop=entropy&cs=tinysrgb&w=200&fit=max",
                            "small_s3": "https://s3.us-west-2.amazonaws.com/images.unsplash.com/small/photo-1492144534655-ae79c964c9d7"
                        },
                        "links": {
                            "self": "https://api.unsplash.com/photos/m3m-lnR90uM",
                            "html": "https://unsplash.com/photos/m3m-lnR90uM",
                            "download": "https://unsplash.com/photos/m3m-lnR90uM/download",
                            "download_location": "https://api.unsplash.com/photos/m3m-lnR90uM/download"
                        },
                        "likes": 2076,
                        "liked_by_user": false,
                        "current_user_collections": [
                            
                        ],
                        "sponsorship": null,
                        "topic_submissions": {
                            
                        },
                        "premium": false,
                        "plus": false,
                        "user": {
                            "id": "9aTMQdp_Djo",
                            "updated_at": "2023-07-24T03:59:20Z",
                            "username": "peterbroomfield",
                            "name": "Peter Broomfield",
                            "first_name": "Peter",
                            "last_name": "Broomfield",
                            "twitter_username": null,
                            "portfolio_url": "http://workingdesignstudio.com/",
                            "bio": null,
                            "location": "Baltimore, MD",
                            "links": {
                                "self": "https://api.unsplash.com/users/peterbroomfield",
                                "html": "https://unsplash.com/@peterbroomfield",
                                "photos": "https://api.unsplash.com/users/peterbroomfield/photos",
                                "likes": "https://api.unsplash.com/users/peterbroomfield/likes",
                                "portfolio": "https://api.unsplash.com/users/peterbroomfield/portfolio",
                                "following": "https://api.unsplash.com/users/peterbroomfield/following",
                                "followers": "https://api.unsplash.com/users/peterbroomfield/followers"
                            },
                            "profile_image": {
                                "small": "https://images.unsplash.com/profile-1651250388596-275f952916a2image?ixlib=rb-4.0.3&crop=faces&fit=crop&w=32&h=32",
                                "medium": "https://images.unsplash.com/profile-1651250388596-275f952916a2image?ixlib=rb-4.0.3&crop=faces&fit=crop&w=64&h=64",
                                "large": "https://images.unsplash.com/profile-1651250388596-275f952916a2image?ixlib=rb-4.0.3&crop=faces&fit=crop&w=128&h=128"
                            },
                            "instagram_username": "pnbroom",
                            "total_collections": 36,
                            "total_likes": 189,
                            "total_photos": 1,
                            "accepted_tos": true,
                            "for_hire": false,
                            "social": {
                                "instagram_username": "pnbroom",
                                "portfolio_url": "http://workingdesignstudio.com/",
                                "twitter_username": null,
                                "paypal_email": null
                            }
                        }
                    }
                }
            },
            {
                "type": "landing_page",
                "title": "sunset",
                "source": {
                    "ancestry": {
                        "type": {
                            "slug": "images",
                            "pretty_slug": "Images"
                        },
                        "category": {
                            "slug": "nature",
                            "pretty_slug": "Nature"
                        },
                        "subcategory": {
                            "slug": "sunset",
                            "pretty_slug": "Sunset"
                        }
                    },
                    "title": "Sunset images & pictures",
                    "subtitle": "Download free sunset images",
                    "description": "Choose from a curated selection of sunset photos. Always free on Unsplash.",
                    "meta_title": "20+ Sunset Images [Stunning!] | Download Free Images on Unsplash",
                    "meta_description": "Choose from hundreds of free sunset pictures. Download HD sunset photos for free on Unsplash.",
                    "cover_photo": {
                        "id": "-IMlv9Jlb24",
                        "slug": "-IMlv9Jlb24",
                        "created_at": "2017-08-27T03:13:06Z",
                        "updated_at": "2023-07-31T17:01:58Z",
                        "promoted_at": "2017-08-28T15:45:03Z",
                        "width": 5347,
                        "height": 3565,
                        "color": "#735959",
                        "blur_hash": "LgL.ew-nAH-m}@jZWCxZOqNw$#xZ",
                        "description": "Beautiful evening sunset",
                        "alt_description": "sea under white clouds at golden hour",
                        "breadcrumbs": [
                            
                        ],
                        "urls": {
                            "raw": "https://images.unsplash.com/photo-1503803548695-c2a7b4a5b875?ixlib=rb-4.0.3",
                            "full": "https://images.unsplash.com/photo-1503803548695-c2a7b4a5b875?ixlib=rb-4.0.3&q=85&fm=jpg&crop=entropy&cs=srgb",
                            "regular": "https://images.unsplash.com/photo-1503803548695-c2a7b4a5b875?ixlib=rb-4.0.3&q=80&fm=jpg&crop=entropy&cs=tinysrgb&w=1080&fit=max",
                            "small": "https://images.unsplash.com/photo-1503803548695-c2a7b4a5b875?ixlib=rb-4.0.3&q=80&fm=jpg&crop=entropy&cs=tinysrgb&w=400&fit=max",
                            "thumb": "https://images.unsplash.com/photo-1503803548695-c2a7b4a5b875?ixlib=rb-4.0.3&q=80&fm=jpg&crop=entropy&cs=tinysrgb&w=200&fit=max",
                            "small_s3": "https://s3.us-west-2.amazonaws.com/images.unsplash.com/small/photo-1503803548695-c2a7b4a5b875"
                        },
                        "links": {
                            "self": "https://api.unsplash.com/photos/-IMlv9Jlb24",
                            "html": "https://unsplash.com/photos/-IMlv9Jlb24",
                            "download": "https://unsplash.com/photos/-IMlv9Jlb24/download",
                            "download_location": "https://api.unsplash.com/photos/-IMlv9Jlb24/download"
                        },
                        "likes": 3681,
                        "liked_by_user": false,
                        "current_user_collections": [
                            
                        ],
                        "sponsorship": null,
                        "topic_submissions": {
                            
                        },
                        "premium": false,
                        "plus": false,
                        "user": {
                            "id": "Lu1VNlMAW6k",
                            "updated_at": "2023-07-23T00:13:35Z",
                            "username": "sgabriel",
                            "name": "Sebastien Gabriel",
                            "first_name": "Sebastien",
                            "last_name": "Gabriel",
                            "twitter_username": "KounterB",
                            "portfolio_url": "https://twitter.com/kounterb",
                            "bio": "Design at Google. Chrome OS, Chrome Browser, Android.",
                            "location": "San Francisco",
                            "links": {
                                "self": "https://api.unsplash.com/users/sgabriel",
                                "html": "https://unsplash.com/@sgabriel",
                                "photos": "https://api.unsplash.com/users/sgabriel/photos",
                                "likes": "https://api.unsplash.com/users/sgabriel/likes",
                                "portfolio": "https://api.unsplash.com/users/sgabriel/portfolio",
                                "following": "https://api.unsplash.com/users/sgabriel/following",
                                "followers": "https://api.unsplash.com/users/sgabriel/followers"
                            },
                            "profile_image": {
                                "small": "https://images.unsplash.com/profile-1498097438863-fdcea26b0a96?ixlib=rb-4.0.3&crop=faces&fit=crop&w=32&h=32",
                                "medium": "https://images.unsplash.com/profile-1498097438863-fdcea26b0a96?ixlib=rb-4.0.3&crop=faces&fit=crop&w=64&h=64",
                                "large": "https://images.unsplash.com/profile-1498097438863-fdcea26b0a96?ixlib=rb-4.0.3&crop=faces&fit=crop&w=128&h=128"
                            },
                            "instagram_username": "kounterb",
                            "total_collections": 4,
                            "total_likes": 4,
                            "total_photos": 84,
                            "accepted_tos": true,
                            "for_hire": false,
                            "social": {
                                "instagram_username": "kounterb",
                                "portfolio_url": "https://twitter.com/kounterb",
                                "twitter_username": "KounterB",
                                "paypal_email": null
                            }
                        }
                    }
                }
            },
            {
                "type": "landing_page",
                "title": "winter",
                "source": {
                    "ancestry": {
                        "type": {
                            "slug": "images",
                            "pretty_slug": "Images"
                        },
                        "category": {
                            "slug": "nature",
                            "pretty_slug": "Nature"
                        },
                        "subcategory": {
                            "slug": "winter",
                            "pretty_slug": "Winter"
                        }
                    },
                    "title": "Winter images & pictures",
                    "subtitle": "Download free winter images",
                    "description": "Choose from a curated selection of winter photos. Always free on Unsplash.",
                    "meta_title": "Best 500+ Winter Pictures [2020] | Download Free Images & Stock Photos on Unsplash",
                    "meta_description": "Choose from hundreds of free winter pictures. Download HD winter photos for free on Unsplash.",
                    "cover_photo": {
                        "id": "6-JIDCnZG2E",
                        "slug": "6-JIDCnZG2E",
                        "created_at": "2016-12-03T14:29:27Z",
                        "updated_at": "2023-07-31T04:01:02Z",
                        "promoted_at": "2016-12-03T14:29:27Z",
                        "width": 4667,
                        "height": 3106,
                        "color": "#a6a6a6",
                        "blur_hash": "LPI=iZMxD$WC.Tozaef5NGogj[kC",
                        "description": "A bright red male Northern Cardinal sits perched on a branch in the falling snow.",
                        "alt_description": "selective focus photography of cardinal bird on tree branch",
                        "breadcrumbs": [
                            
                        ],
                        "urls": {
                            "raw": "https://images.unsplash.com/photo-1480775292373-5175d0634811?ixlib=rb-4.0.3",
                            "full": "https://images.unsplash.com/photo-1480775292373-5175d0634811?ixlib=rb-4.0.3&q=85&fm=jpg&crop=entropy&cs=srgb",
                            "regular": "https://images.unsplash.com/photo-1480775292373-5175d0634811?ixlib=rb-4.0.3&q=80&fm=jpg&crop=entropy&cs=tinysrgb&w=1080&fit=max",
                            "small": "https://images.unsplash.com/photo-1480775292373-5175d0634811?ixlib=rb-4.0.3&q=80&fm=jpg&crop=entropy&cs=tinysrgb&w=400&fit=max",
                            "thumb": "https://images.unsplash.com/photo-1480775292373-5175d0634811?ixlib=rb-4.0.3&q=80&fm=jpg&crop=entropy&cs=tinysrgb&w=200&fit=max",
                            "small_s3": "https://s3.us-west-2.amazonaws.com/images.unsplash.com/small/photo-1480775292373-5175d0634811"
                        },
                        "links": {
                            "self": "https://api.unsplash.com/photos/6-JIDCnZG2E",
                            "html": "https://unsplash.com/photos/6-JIDCnZG2E",
                            "download": "https://unsplash.com/photos/6-JIDCnZG2E/download",
                            "download_location": "https://api.unsplash.com/photos/6-JIDCnZG2E/download"
                        },
                        "likes": 3082,
                        "liked_by_user": false,
                        "current_user_collections": [
                            
                        ],
                        "sponsorship": null,
                        "topic_submissions": {
                            "wallpapers": {
                                "status": "approved",
                                "approved_on": "2020-04-06T14:20:10Z"
                            },
                            "nature": {
                                "status": "approved",
                                "approved_on": "2020-04-06T14:20:12Z"
                            }
                        },
                        "premium": false,
                        "plus": false,
                        "user": {
                            "id": "Cd-djTuTKd4",
                            "updated_at": "2023-07-30T15:32:01Z",
                            "username": "rayhennessy",
                            "name": "Ray Hennessy",
                            "first_name": "Ray",
                            "last_name": "Hennessy",
                            "twitter_username": null,
                            "portfolio_url": "http://www.rayhennessy.com",
                            "bio": "Full-time wildlife photographer with a passion for photographing birds creatively and teaching.",
                            "location": "Clementon, NJ",
                            "links": {
                                "self": "https://api.unsplash.com/users/rayhennessy",
                                "html": "https://unsplash.com/@rayhennessy",
                                "photos": "https://api.unsplash.com/users/rayhennessy/photos",
                                "likes": "https://api.unsplash.com/users/rayhennessy/likes",
                                "portfolio": "https://api.unsplash.com/users/rayhennessy/portfolio",
                                "following": "https://api.unsplash.com/users/rayhennessy/following",
                                "followers": "https://api.unsplash.com/users/rayhennessy/followers"
                            },
                            "profile_image": {
                                "small": "https://images.unsplash.com/profile-1610228435971-e3250f60d2e0image?ixlib=rb-4.0.3&crop=faces&fit=crop&w=32&h=32",
                                "medium": "https://images.unsplash.com/profile-1610228435971-e3250f60d2e0image?ixlib=rb-4.0.3&crop=faces&fit=crop&w=64&h=64",
                                "large": "https://images.unsplash.com/profile-1610228435971-e3250f60d2e0image?ixlib=rb-4.0.3&crop=faces&fit=crop&w=128&h=128"
                            },
                            "instagram_username": "rayhennessy_wildlife",
                            "total_collections": 3,
                            "total_likes": 4,
                            "total_photos": 114,
                            "accepted_tos": true,
                            "for_hire": true,
                            "social": {
                                "instagram_username": "rayhennessy_wildlife",
                                "portfolio_url": "http://www.rayhennessy.com",
                                "twitter_username": null,
                                "paypal_email": null
                            }
                        }
                    }
                }
            }
        ],
        "links": {
            "self": "https://api.unsplash.com/collections/hbgaXYlvGX4",
            "html": "https://unsplash.com/collections/hbgaXYlvGX4/road",
            "photos": "https://api.unsplash.com/collections/hbgaXYlvGX4/photos",
            "related": "https://api.unsplash.com/collections/hbgaXYlvGX4/related"
        },
        "user": {
            "id": "--RRlufUoDw",
            "updated_at": "2023-08-02T03:47:29Z",
            "username": "juniperphoton",
            "name": "JuniperPhoton",
            "first_name": "JuniperPhoton",
            "last_name": null,
            "twitter_username": "juniperphoton",
            "portfolio_url": "https://juniperphoton.dev/photonapps/",
            "bio": "]]>&#x1f4f7;<![CDATA[ Photographer & ]]>&#x1f4f1;<![CDATA[ Software developer",
            "location": "Shenzhen, China",
            "links": {
                "self": "https://api.unsplash.com/users/juniperphoton",
                "html": "https://unsplash.com/@juniperphoton",
                "photos": "https://api.unsplash.com/users/juniperphoton/photos",
                "likes": "https://api.unsplash.com/users/juniperphoton/likes",
                "portfolio": "https://api.unsplash.com/users/juniperphoton/portfolio",
                "following": "https://api.unsplash.com/users/juniperphoton/following",
                "followers": "https://api.unsplash.com/users/juniperphoton/followers"
            },
            "profile_image": {
                "small": "https://images.unsplash.com/profile-1676790033783-b7cca5b552d2image?ixlib=rb-4.0.3&crop=faces&fit=crop&w=32&h=32",
                "medium": "https://images.unsplash.com/profile-1676790033783-b7cca5b552d2image?ixlib=rb-4.0.3&crop=faces&fit=crop&w=64&h=64",
                "large": "https://images.unsplash.com/profile-1676790033783-b7cca5b552d2image?ixlib=rb-4.0.3&crop=faces&fit=crop&w=128&h=128"
            },
            "instagram_username": "juniperphoton",
            "total_collections": 10,
            "total_likes": 9,
            "total_photos": 556,
            "accepted_tos": true,
            "for_hire": false,
            "social": {
                "instagram_username": "juniperphoton",
                "portfolio_url": "https://juniperphoton.dev/photonapps/",
                "twitter_username": "juniperphoton",
                "paypal_email": null
            }
        },
        "cover_photo": {
            "id": "N1wOftBlUsg",
            "slug": "N1wOftBlUsg",
            "created_at": "2021-01-10T10:46:19Z",
            "updated_at": "2023-08-02T06:17:31Z",
            "promoted_at": null,
            "width": 6909,
            "height": 4608,
            "color": "#8ca6d9",
            "blur_hash": "LmG9UVj]WBj]?wf5ofWUI^ofjsa}",
            "description": null,
            "alt_description": "white and brown wooden houses near snow covered field during daytime",
            "breadcrumbs": [
                
            ],
            "urls": {
                "raw": "https://images.unsplash.com/photo-1610275419715-a8cc80f762f7?ixlib=rb-4.0.3",
                "full": "https://images.unsplash.com/photo-1610275419715-a8cc80f762f7?ixlib=rb-4.0.3&q=85&fm=jpg&crop=entropy&cs=srgb",
                "regular": "https://images.unsplash.com/photo-1610275419715-a8cc80f762f7?ixlib=rb-4.0.3&q=80&fm=jpg&crop=entropy&cs=tinysrgb&w=1080&fit=max",
                "small": "https://images.unsplash.com/photo-1610275419715-a8cc80f762f7?ixlib=rb-4.0.3&q=80&fm=jpg&crop=entropy&cs=tinysrgb&w=400&fit=max",
                "thumb": "https://images.unsplash.com/photo-1610275419715-a8cc80f762f7?ixlib=rb-4.0.3&q=80&fm=jpg&crop=entropy&cs=tinysrgb&w=200&fit=max",
                "small_s3": "https://s3.us-west-2.amazonaws.com/images.unsplash.com/small/photo-1610275419715-a8cc80f762f7"
            },
            "links": {
                "self": "https://api.unsplash.com/photos/N1wOftBlUsg",
                "html": "https://unsplash.com/photos/N1wOftBlUsg",
                "download": "https://unsplash.com/photos/N1wOftBlUsg/download",
                "download_location": "https://api.unsplash.com/photos/N1wOftBlUsg/download"
            },
            "likes": 10,
            "liked_by_user": false,
            "current_user_collections": [
                
            ],
            "sponsorship": null,
            "topic_submissions": {
                
            },
            "user": {
                "id": "--RRlufUoDw",
                "updated_at": "2023-08-02T03:47:29Z",
                "username": "juniperphoton",
                "name": "JuniperPhoton",
                "first_name": "JuniperPhoton",
                "last_name": null,
                "twitter_username": "juniperphoton",
                "portfolio_url": "https://juniperphoton.dev/photonapps/",
                "bio": "]]>&#x1f4f7;<![CDATA[ Photographer & ]]>&#x1f4f1;<![CDATA[ Software developer",
                "location": "Shenzhen, China",
                "links": {
                    "self": "https://api.unsplash.com/users/juniperphoton",
                    "html": "https://unsplash.com/@juniperphoton",
                    "photos": "https://api.unsplash.com/users/juniperphoton/photos",
                    "likes": "https://api.unsplash.com/users/juniperphoton/likes",
                    "portfolio": "https://api.unsplash.com/users/juniperphoton/portfolio",
                    "following": "https://api.unsplash.com/users/juniperphoton/following",
                    "followers": "https://api.unsplash.com/users/juniperphoton/followers"
                },
                "profile_image": {
                    "small": "https://images.unsplash.com/profile-1676790033783-b7cca5b552d2image?ixlib=rb-4.0.3&crop=faces&fit=crop&w=32&h=32",
                    "medium": "https://images.unsplash.com/profile-1676790033783-b7cca5b552d2image?ixlib=rb-4.0.3&crop=faces&fit=crop&w=64&h=64",
                    "large": "https://images.unsplash.com/profile-1676790033783-b7cca5b552d2image?ixlib=rb-4.0.3&crop=faces&fit=crop&w=128&h=128"
                },
                "instagram_username": "juniperphoton",
                "total_collections": 10,
                "total_likes": 9,
                "total_photos": 556,
                "accepted_tos": true,
                "for_hire": false,
                "social": {
                    "instagram_username": "juniperphoton",
                    "portfolio_url": "https://juniperphoton.dev/photonapps/",
                    "twitter_username": "juniperphoton",
                    "paypal_email": null
                }
            }
        },
        "preview_photos": [
            {
                "id": "N1wOftBlUsg",
                "slug": "N1wOftBlUsg",
                "created_at": "2021-01-10T10:46:19Z",
                "updated_at": "2023-08-02T06:17:31Z",
                "blur_hash": "LmG9UVj]WBj]?wf5ofWUI^ofjsa}",
                "urls": {
                    "raw": "https://images.unsplash.com/photo-1610275419715-a8cc80f762f7?ixlib=rb-4.0.3",
                    "full": "https://images.unsplash.com/photo-1610275419715-a8cc80f762f7?ixlib=rb-4.0.3&q=85&fm=jpg&crop=entropy&cs=srgb",
                    "regular": "https://images.unsplash.com/photo-1610275419715-a8cc80f762f7?ixlib=rb-4.0.3&q=80&fm=jpg&crop=entropy&cs=tinysrgb&w=1080&fit=max",
                    "small": "https://images.unsplash.com/photo-1610275419715-a8cc80f762f7?ixlib=rb-4.0.3&q=80&fm=jpg&crop=entropy&cs=tinysrgb&w=400&fit=max",
                    "thumb": "https://images.unsplash.com/photo-1610275419715-a8cc80f762f7?ixlib=rb-4.0.3&q=80&fm=jpg&crop=entropy&cs=tinysrgb&w=200&fit=max",
                    "small_s3": "https://s3.us-west-2.amazonaws.com/images.unsplash.com/small/photo-1610275419715-a8cc80f762f7"
                }
            },
            {
                "id": "EuYlrU_-DJQ",
                "slug": "EuYlrU_-DJQ",
                "created_at": "2021-01-10T10:46:19Z",
                "updated_at": "2023-08-02T07:17:47Z",
                "blur_hash": "LxE3=HbyjYo#%%IojYoLa_Rit7j[",
                "urls": {
                    "raw": "https://images.unsplash.com/photo-1610275420567-442f4a0996e3?ixlib=rb-4.0.3",
                    "full": "https://images.unsplash.com/photo-1610275420567-442f4a0996e3?ixlib=rb-4.0.3&q=85&fm=jpg&crop=entropy&cs=srgb",
                    "regular": "https://images.unsplash.com/photo-1610275420567-442f4a0996e3?ixlib=rb-4.0.3&q=80&fm=jpg&crop=entropy&cs=tinysrgb&w=1080&fit=max",
                    "small": "https://images.unsplash.com/photo-1610275420567-442f4a0996e3?ixlib=rb-4.0.3&q=80&fm=jpg&crop=entropy&cs=tinysrgb&w=400&fit=max",
                    "thumb": "https://images.unsplash.com/photo-1610275420567-442f4a0996e3?ixlib=rb-4.0.3&q=80&fm=jpg&crop=entropy&cs=tinysrgb&w=200&fit=max",
                    "small_s3": "https://s3.us-west-2.amazonaws.com/images.unsplash.com/small/photo-1610275420567-442f4a0996e3"
                }
            },
            {
                "id": "fjGFRxKNurE",
                "slug": "fjGFRxKNurE",
                "created_at": "2021-01-10T10:46:19Z",
                "updated_at": "2023-08-02T08:17:50Z",
                "blur_hash": "LXHx{ox94-D%PE-;xCWA4pR.%2xt",
                "urls": {
                    "raw": "https://images.unsplash.com/photo-1610275421025-19c8906e1465?ixlib=rb-4.0.3",
                    "full": "https://images.unsplash.com/photo-1610275421025-19c8906e1465?ixlib=rb-4.0.3&q=85&fm=jpg&crop=entropy&cs=srgb",
                    "regular": "https://images.unsplash.com/photo-1610275421025-19c8906e1465?ixlib=rb-4.0.3&q=80&fm=jpg&crop=entropy&cs=tinysrgb&w=1080&fit=max",
                    "small": "https://images.unsplash.com/photo-1610275421025-19c8906e1465?ixlib=rb-4.0.3&q=80&fm=jpg&crop=entropy&cs=tinysrgb&w=400&fit=max",
                    "thumb": "https://images.unsplash.com/photo-1610275421025-19c8906e1465?ixlib=rb-4.0.3&q=80&fm=jpg&crop=entropy&cs=tinysrgb&w=200&fit=max",
                    "small_s3": "https://s3.us-west-2.amazonaws.com/images.unsplash.com/small/photo-1610275421025-19c8906e1465"
                }
            },
            {
                "id": "-lllR1-rF_o",
                "slug": "-lllR1-rF_o",
                "created_at": "2021-01-10T10:46:19Z",
                "updated_at": "2023-08-02T09:17:58Z",
                "blur_hash": "LiD^.,MwROjXX=t7adae9Ft7ozkC",
                "urls": {
                    "raw": "https://images.unsplash.com/photo-1610275419005-1f6af04dcf05?ixlib=rb-4.0.3",
                    "full": "https://images.unsplash.com/photo-1610275419005-1f6af04dcf05?ixlib=rb-4.0.3&q=85&fm=jpg&crop=entropy&cs=srgb",
                    "regular": "https://images.unsplash.com/photo-1610275419005-1f6af04dcf05?ixlib=rb-4.0.3&q=80&fm=jpg&crop=entropy&cs=tinysrgb&w=1080&fit=max",
                    "small": "https://images.unsplash.com/photo-1610275419005-1f6af04dcf05?ixlib=rb-4.0.3&q=80&fm=jpg&crop=entropy&cs=tinysrgb&w=400&fit=max",
                    "thumb": "https://images.unsplash.com/photo-1610275419005-1f6af04dcf05?ixlib=rb-4.0.3&q=80&fm=jpg&crop=entropy&cs=tinysrgb&w=200&fit=max",
                    "small_s3": "https://s3.us-west-2.amazonaws.com/images.unsplash.com/small/photo-1610275419005-1f6af04dcf05"
                }
            }
        ]
    }
]
]]></system-out>
  <system-err><![CDATA[]]></system-err>
</testsuite>
